2026-06-27T01:27:20Z | started | mode=scan_all|pairwise files=/tmp/sim-test/file2.md,
2026-06-27T01:27:20Z | files_missing | /tmp/sim-test/file2.md, 
2026-06-27T01:27:20Z | started | mode=scan_all|pairwise files=/tmp/sim-test/file3.md,
2026-06-27T01:27:20Z | files_missing | /tmp/sim-test/file3.md, 
2026-06-27T01:27:20Z | started | mode=scan_all|pairwise files=/nonexistent-file.md,
2026-06-27T01:27:20Z | files_missing | /nonexistent-file.md, 
2026-06-27T01:29:14Z | started | mode=scan_all|pairwise files=/tmp/sim-test/file1.md,/tmp/sim-test/file2.md
2026-06-27T01:29:14Z | started | mode=scan_all|pairwise files=/tmp/sim-test/file1.md,/tmp/sim-test/file3.md
2026-06-27T01:29:14Z | started | mode=scan_all|pairwise files=/tmp/sim-test/file1.md,/nonexistent-file.md
2026-06-27T01:29:14Z | files_missing | /tmp/sim-test/file1.md, /nonexistent-file.md
2026-06-27T01:35:33Z | started | mode=scan_all|pairwise files=/tmp/sim-test/file1.md,/tmp/sim-test/file2.md
2026-06-27T01:35:33Z | started | mode=scan_all|pairwise files=/tmp/sim-test/file1.md,/tmp/sim-test/file3.md
2026-06-27T01:38:04Z | started | mode=scan_all|pairwise files=/tmp/sim-test/file1.md,/tmp/sim-test/file2.md
2026-06-27T01:38:04Z | started | mode=scan_all|pairwise files=/tmp/sim-test/file1.md,/tmp/sim-test/file3.md
2026-06-27T01:41:46Z | started | mode=scan_all|pairwise files=/tmp/sim-test/file1.md,/tmp/sim-test/file2.md
2026-06-27T01:41:46Z | started | mode=scan_all|pairwise files=/tmp/sim-test/file1.md,/tmp/sim-test/file3.md
2026-06-27T01:44:34Z | started | mode=scan_all|pairwise files=/tmp/sim-test/file1.md,/tmp/sim-test/file2.md
2026-06-27T01:44:34Z | started | mode=scan_all|pairwise files=/tmp/sim-test/file1.md,/tmp/sim-test/file3.md
2026-06-27T01:44:35Z | started | mode=scan_all|pairwise files=/tmp/nonexistent.md,/tmp/also-nonexistent.md
2026-06-27T01:44:35Z | files_missing | /tmp/nonexistent.md, /tmp/also-nonexistent.md
2026-06-27T01:44:35Z | started | mode=scan_all|pairwise files=/tmp/sim-test/file1.md,/tmp/sim-test/file2.md
2026-06-27T02:28:51Z | started | mode=scan_all|pairwise files=/tmp/sim-test/file1.md,/tmp/sim-test/file2.md
2026-06-27T02:28:51Z | started | mode=scan_all|pairwise files=/tmp/sim-test/file1.md,/tmp/sim-test/file2.md
2026-06-27T02:28:51Z | started | mode=scan_all|pairwise files=/tmp/sim-test/file1.md,/tmp/sim-test/file2.md
2026-06-27T02:28:51Z | started | mode=scan_all|pairwise files=/tmp/sim-test/file1.md,/tmp/sim-test/file3.md
2026-06-27T02:28:51Z | started | mode=scan_all|pairwise files=,
2026-06-27T02:29:31Z | started | mode=scan_all|pairwise files=/tmp/sim-test/new_file1.md,/tmp/sim-test/new_file2.md
2026-06-27T02:29:31Z | started | mode=scan_all|pairwise files=/tmp/sim-test/new_file1.md,/tmp/sim-test/new_file2.md
2026-06-27T02:29:31Z | started | mode=scan_all|pairwise files=/tmp/sim-test/new_file1.md,/tmp/sim-test/new_file2.md
2026-06-27T02:40:03Z | started | mode=scan_all|pairwise files=/tmp/sim-test/new_file1.md,/tmp/sim-test/new_file2.md
2026-06-27T02:40:03Z | started | mode=scan_all|pairwise files=/tmp/sim-test/new_file1.md,/tmp/sim-test/new_file2.md
2026-06-27T02:40:03Z | started | mode=scan_all|pairwise files=/tmp/sim-test/new_file1.md,/tmp/sim-test/new_file2.md
2026-06-27T02:40:03Z | started | mode=scan_all|pairwise files=/tmp/sim-test/file1.md,/tmp/sim-test/file3.md
2026-06-27T02:40:03Z | started | mode=scan_all|pairwise files=,
2026-06-27T03:01:37Z | started | mode=scan_all|pairwise files=wiki/entities/test-file.md,wiki/entities/test-file.md
2026-06-27T03:01:37Z | files_missing | wiki/entities/test-file.md, wiki/entities/test-file.md
2026-06-27T03:01:41Z | started | mode=scan_all|pairwise files=wiki/entities/test-file.md,wiki/entities/test-file.md
2026-06-27T03:01:41Z | files_missing | wiki/entities/test-file.md, wiki/entities/test-file.md
2026-06-27T03:01:44Z | started | mode=scan_all|pairwise files=wiki/entities/ai-factory.md,wiki/entities/andrej-karpathy.md
2026-06-27T03:01:49Z | started | mode=scan_all|pairwise files=,
2026-06-27T04:02:25Z | started | mode=scan_all|pairwise files=,
2026-06-27T04:03:10Z | started | mode=scan_all|pairwise files=,
2026-06-27T04:04:15Z | started | mode=scan_all|pairwise files=,
2026-06-27T04:04:39Z | started | mode=scan_all|pairwise files=,
2026-06-27T04:32:21Z | started | mode=scan_all|pairwise files=,
2026-06-27T04:32:27Z | started | mode=scan_all|pairwise files=,
2026-06-27T04:49:19Z | started | mode=scan_all|pairwise files=,
